\BOOKMARK [0][-]{chapter*.3}{\376\377\000C\000o\000n\000t\000r\000i\000b\000u\000t\000i\000o\000n}{}% 1
\BOOKMARK [1][-]{chapter*.4}{\376\377\000L\000i\000s\000t\000\040\000o\000f\000\040\000F\000i\000g\000u\000r\000e\000s}{chapter*.3}% 2
\BOOKMARK [1][-]{chapter*.5}{\376\377\000L\000i\000s\000t\000\040\000o\000f\000\040\000T\000a\000b\000l\000e\000s}{chapter*.3}% 3
\BOOKMARK [0][-]{chapter.1}{\376\377\000G\000i\036\333\000i\000\040\000t\000h\000i\036\307\000u\000\040\000\050\000I\000n\000t\000r\000o\000d\000u\000c\000t\000i\000o\000n\000\051}{}% 4
\BOOKMARK [1][-]{section.1.1}{\376\377\000B\036\321\000i\000\040\000c\036\243\000n\000h\000\040\000v\036\245\000n\000\040\001\021\036\301}{chapter.1}% 5
\BOOKMARK [1][-]{section.1.2}{\376\377\000M\036\345\000c\000\040\000t\000i\000\352\000u\000\040\000d\036\361\000\040\000\341\000n}{chapter.1}% 6
\BOOKMARK [1][-]{section.1.3}{\376\377\000P\000h\036\241\000m\000\040\000v\000i\000\040\000\050\000S\000c\000o\000p\000e\000\051}{chapter.1}% 7
\BOOKMARK [0][-]{chapter.2}{\376\377\000D\000a\000t\000a\000s\000e\000t\000\040\000\050\000D\036\357\000\040\000l\000i\036\307\000u\000\051}{}% 8
\BOOKMARK [1][-]{section.2.1}{\376\377\000N\000g\000u\036\323\000n\000\040\000d\036\357\000\040\000l\000i\036\307\000u}{chapter.2}% 9
\BOOKMARK [1][-]{section.2.2}{\376\377\000Q\000u\000y\000\040\000m\000\364\000\040\000v\000\340\000\040\001\020\036\267\000c\000\040\001\021\000i\036\303\000m}{chapter.2}% 10
\BOOKMARK [1][-]{section.2.3}{\376\377\000C\036\245\000u\000\040\000t\000r\000\372\000c\000\040\000d\036\357\000\040\000l\000i\036\307\000u\000\040\000k\000h\000a\000i\000\040\000t\000h\000\341\000c}{chapter.2}% 11
\BOOKMARK [1][-]{section.2.4}{\376\377\000Q\000u\000y\000\040\000t\000r\000\354\000n\000h\000\040\000l\000\340\000m\000\040\000s\036\241\000c\000h\000\040\000d\036\357\000\040\000l\000i\036\307\000u\000\040\000\050\000D\000a\000t\000a\000\040\000C\000l\000e\000a\000n\000i\000n\000g\000\051}{chapter.2}% 12
\BOOKMARK [0][-]{chapter.3}{\376\377\000V\036\245\000n\000\040\001\021\036\301\000\040\000v\000\340\000\040\000G\000i\036\243\000i\000\040\000p\000h\000\341\000p\000\040\000\050\000P\000r\000o\000b\000l\000e\000m\000s\000\040\000\046\000\040\000P\000r\000o\000p\000o\000s\000e\000d\000\040\000S\000o\000l\000u\000t\000i\000o\000n\000s\000\051}{}% 13
\BOOKMARK [1][-]{section.3.1}{\376\377\000P\000r\000o\000b\000l\000e\000m\000\040\0001\000:\000\040\000S\036\361\000\040\000c\036\351\000n\000g\000\040\000n\000h\036\257\000c\000\040\000c\036\347\000a\000\040\000t\000\354\000m\000\040\000k\000i\036\277\000m\000\040\000t\036\353\000\040\000k\000h\000\363\000a\000\040\000\050\000T\000h\000e\000\040\000R\000i\000g\000i\000d\000i\000t\000y\000\040\000o\000f\000\040\000K\000e\000y\000w\000o\000r\000d\000\040\000S\000e\000a\000r\000c\000h\000\051}{chapter.3}% 14
\BOOKMARK [1][-]{section.3.2}{\376\377\000P\000r\000o\000b\000l\000e\000m\000\040\0002\000:\000\040\000A\000I\000\040\000b\036\317\000\040\000s\000\363\000t\000\040\000c\000\341\000c\000\040\000t\000h\000u\036\255\000t\000\040\000n\000g\036\357\000\040\000c\000h\000u\000y\000\352\000n\000\040\000n\000g\000\340\000n\000h\000\040\000\050\000A\000I\000\040\000M\000i\000s\000s\000e\000s\000\040\000S\000p\000e\000c\000i\000a\000l\000i\000z\000e\000d\000\040\000T\000e\000r\000m\000i\000n\000o\000l\000o\000g\000y\000\051}{chapter.3}% 15
\BOOKMARK [1][-]{section.3.3}{\376\377\000P\000r\000o\000b\000l\000e\000m\000\040\0003\000:\000\040\000N\000h\000i\036\305\000u\000\040\000t\000\354\000m\000\040\000k\000i\036\277\000m\000\040\001\021\000a\000\040\000n\000g\000\340\000n\000h\000\040\000\050\000S\000e\000a\000r\000c\000h\000\040\000S\000k\000e\000w\000e\000d\000\040\000b\000y\000\040\000M\000u\000l\000t\000i\000d\000i\000s\000c\000i\000p\000l\000i\000n\000a\000r\000y\000\040\000N\000o\000i\000s\000e\000\051}{chapter.3}% 16
\BOOKMARK [0][-]{chapter.4}{\376\377\000C\001\241\000\040\000s\036\337\000\040\000l\000\375\000\040\000t\000h\000u\000y\036\277\000t\000\040\000\050\000T\000h\000e\000o\000r\000e\000t\000i\000c\000a\000l\000\040\000B\000a\000c\000k\000g\000r\000o\000u\000n\000d\000\051}{}% 17
\BOOKMARK [1][-]{section.4.1}{\376\377\000I\000n\000f\000o\000r\000m\000a\000t\000i\000o\000n\000\040\000R\000e\000t\000r\000i\000e\000v\000a\000l\000\040\000P\000i\000p\000e\000l\000i\000n\000e}{chapter.4}% 18
\BOOKMARK [1][-]{section.4.2}{\376\377\000I\000n\000v\000e\000r\000t\000e\000d\000\040\000I\000n\000d\000e\000x\000\040\000v\000\340\000\040\000T\000h\000u\036\255\000t\000\040\000t\000o\000\341\000n\000\040\000B\000M\0002\0005}{chapter.4}% 19
\BOOKMARK [1][-]{section.4.3}{\376\377\000F\000i\000e\000l\000d\000\040\000T\000y\000p\000e\000s\000\040\000t\000r\000o\000n\000g\000\040\000E\000l\000a\000s\000t\000i\000c\000s\000e\000a\000r\000c\000h}{chapter.4}% 20
\BOOKMARK [1][-]{section.4.4}{\376\377\000V\000e\000c\000t\000o\000r\000\040\000E\000m\000b\000e\000d\000d\000i\000n\000g\000\040\000v\000\340\000\040\000k\000-\000N\000e\000a\000r\000e\000s\000t\000\040\000N\000e\000i\000g\000h\000b\000o\000r\000s\000\040\000\050\000k\000N\000N\000\051}{chapter.4}% 21
\BOOKMARK [1][-]{section.4.5}{\376\377\000R\000e\000c\000i\000p\000r\000o\000c\000a\000l\000\040\000R\000a\000n\000k\000\040\000F\000u\000s\000i\000o\000n\000\040\000\050\000R\000R\000F\000\051}{chapter.4}% 22
\BOOKMARK [0][-]{chapter.5}{\376\377\000K\000i\036\277\000n\000\040\000t\000r\000\372\000c\000\040\000h\036\307\000\040\000t\000h\036\321\000n\000g\000\040\000\050\000S\000y\000s\000t\000e\000m\000\040\000A\000r\000c\000h\000i\000t\000e\000c\000t\000u\000r\000e\000\051}{}% 23
\BOOKMARK [1][-]{section.5.1}{\376\377\000S\001\241\000\040\001\021\036\323\000\040\000l\000u\036\323\000n\000g\000\040\000d\036\357\000\040\000l\000i\036\307\000u\000\040\000\050\000D\000a\000t\000a\000\040\000F\000l\000o\000w\000\051}{chapter.5}% 24
\BOOKMARK [1][-]{section.5.2}{\376\377\000L\000u\036\323\000n\000g\000\040\000T\000\354\000m\000\040\000k\000i\036\277\000m\000\040\000H\000y\000b\000r\000i\000d\000\040\000S\000e\000a\000r\000c\000h\000\040\000\050\000Q\000u\000e\000r\000y\000\040\000P\000i\000p\000e\000l\000i\000n\000e\000\051}{chapter.5}% 25
\BOOKMARK [1][-]{section.5.3}{\376\377\000K\000i\036\277\000n\000\040\000t\000r\000\372\000c\000\040\000h\036\241\000\040\000t\036\247\000n\000g\000\040\000\050\000I\000n\000f\000r\000a\000s\000t\000r\000u\000c\000t\000u\000r\000e\000\051}{chapter.5}% 26
\BOOKMARK [2][-]{subsection.5.3.1}{\376\377\000C\000\364\000n\000g\000\040\000n\000g\000h\036\307\000\040\000s\036\355\000\040\000d\036\345\000n\000g}{section.5.3}% 27
\BOOKMARK [2][-]{subsection.5.3.2}{\376\377\000M\000\364\000\040\000h\000\354\000n\000h\000\040\000t\000r\000i\036\303\000n\000\040\000k\000h\000a\000i}{section.5.3}% 28
\BOOKMARK [2][-]{subsection.5.3.3}{\376\377\001\020\036\267\000c\000\040\000t\000\355\000n\000h\000\040\000B\000i\000g\000\040\000D\000a\000t\000a}{section.5.3}% 29
\BOOKMARK [1][-]{section.5.4}{\376\377\000I\000n\000d\000e\000x\000\040\000M\000a\000p\000p\000i\000n\000g\000\040\000\046\000\040\000B\000u\000l\000k\000\040\000S\000t\000r\000a\000t\000e\000g\000y}{chapter.5}% 30
\BOOKMARK [2][-]{subsection.5.4.1}{\376\377\000M\000a\000p\000p\000i\000n\000g\000\040\000D\000e\000f\000i\000n\000i\000t\000i\000o\000n}{section.5.4}% 31
\BOOKMARK [2][-]{subsection.5.4.2}{\376\377\000B\000u\000l\000k\000\040\000I\000n\000d\000e\000x\000i\000n\000g\000\040\000S\000t\000r\000a\000t\000e\000g\000y}{section.5.4}% 32
\BOOKMARK [1][-]{section.5.5}{\376\377\000K\000i\036\277\000n\000\040\000t\000r\000\372\000c\000\040\000D\000u\000a\000l\000-\000I\000n\000d\000e\000x\000\040\000\050\000D\000u\000a\000l\000-\000I\000n\000d\000e\000x\000\040\000A\000r\000c\000h\000i\000t\000e\000c\000t\000u\000r\000e\000\051}{chapter.5}% 33
\BOOKMARK [2][-]{subsection.5.5.1}{\376\377\000C\001\241\000\040\000c\000h\036\277\000\040\000N\036\241\000p\000\040\000b\000\340\000i\000\040\000b\000\341\000o\000\040\000m\036\333\000i\000\040\000\050\000I\000n\000c\000r\000e\000m\000e\000n\000t\000a\000l\000\040\000I\000n\000g\000e\000s\000t\000i\000o\000n\000\051}{section.5.5}% 34
\BOOKMARK [0][-]{chapter.6}{\376\377\001\020\001\260\036\335\000n\000g\000\040\036\321\000n\000g\000\040\000X\036\355\000\040\000l\000\375\000\040\000D\036\357\000\040\000l\000i\036\307\000u\000\040\000\050\000D\000a\000t\000a\000\040\000P\000r\000o\000c\000e\000s\000s\000i\000n\000g\000\040\000P\000i\000p\000e\000l\000i\000n\000e\000\051}{}% 35
\BOOKMARK [1][-]{section.6.1}{\376\377\000T\036\325\000n\000g\000\040\000q\000u\000a\000n\000\040\000Q\000u\000y\000\040\000t\000r\000\354\000n\000h\000\040\000X\036\355\000\040\000l\000\375\000\040\000D\036\357\000\040\000l\000i\036\307\000u}{chapter.6}% 36
\BOOKMARK [1][-]{section.6.2}{\376\377\000G\000i\000a\000i\000\040\001\021\000o\036\241\000n\000\040\0001\000:\000\040\000T\000i\036\301\000n\000\040\000x\036\355\000\040\000l\000\375\000\040\000D\036\357\000\040\000l\000i\036\307\000u\000\040\000Q\000u\000y\000\040\000m\000\364\000\040\000l\036\333\000n\000\040\000\050\000D\000a\000t\000a\000\040\000C\000l\000e\000a\000n\000i\000n\000g\000\051}{chapter.6}% 37
\BOOKMARK [2][-]{subsection.6.2.1}{\376\377\000K\036\371\000\040\000t\000h\000u\036\255\000t\000\040\001\020\036\315\000c\000\040\000l\000u\036\323\000n\000g\000\040\000\050\000S\000t\000r\000e\000a\000m\000i\000n\000g\000\051}{section.6.2}% 38
\BOOKMARK [2][-]{subsection.6.2.2}{\376\377\000C\000\341\000c\000\040\000b\001\260\036\333\000c\000\040\000L\000\340\000m\000\040\000s\036\241\000c\000h\000\040\000v\000\340\000\040\000C\000h\000u\036\251\000n\000\040\000h\000\363\000a}{section.6.2}% 39
\BOOKMARK [1][-]{section.6.3}{\376\377\000G\000i\000a\000i\000\040\001\021\000o\036\241\000n\000\040\0002\000:\000\040\000S\000i\000n\000h\000\040\000V\000e\000c\000t\000o\000r\000\040\000N\000h\000\372\000n\000g\000\040\000\050\000E\000m\000b\000e\000d\000d\000i\000n\000g\000\040\000G\000e\000n\000e\000r\000a\000t\000i\000o\000n\000\051}{chapter.6}% 40
\BOOKMARK [2][-]{subsection.6.3.1}{\376\377\000G\000i\036\243\000i\000\040\000q\000u\000y\036\277\000t\000\040\000V\036\245\000n\000\040\001\021\036\301\000\040\000T\000r\000\340\000n\000\040\000C\036\355\000a\000\040\000s\036\325\000\040\000N\000g\036\357\000\040\000c\036\243\000n\000h}{section.6.3}% 41
\BOOKMARK [2][-]{subsection.6.3.2}{\376\377\000T\001\003\000n\000g\000\040\000t\036\321\000c\000\040\000b\036\261\000n\000g\000\040\000G\000P\000U\000\040\001\021\000\341\000m\000\040\000m\000\342\000y\000\040\000\050\000G\000o\000o\000g\000l\000e\000\040\000C\000o\000l\000a\000b\000\051}{section.6.3}% 42
\BOOKMARK [0][-]{chapter.7}{\376\377\000T\000r\000i\036\303\000n\000\040\000k\000h\000a\000i\000\040\000C\001\241\000\040\000c\000h\036\277\000\040\000T\000\354\000m\000\040\000k\000i\036\277\000m\000\040\000v\000\340\000\040\000X\036\277\000p\000\040\000h\036\241\000n\000g\000\040\000\050\000S\000e\000a\000r\000c\000h\000\040\000I\000m\000p\000l\000e\000m\000e\000n\000t\000a\000t\000i\000o\000n\000\051}{}% 43
\BOOKMARK [1][-]{section.7.1}{\376\377\001\020\000\341\000n\000h\000\040\000C\000h\036\311\000\040\000m\036\345\000c\000\040\000T\036\321\000i\000\040\001\260\000u\000\040\000t\000r\000\352\000n\000\040\000E\000l\000a\000s\000t\000i\000c\000s\000e\000a\000r\000c\000h\000\040\000\050\000I\000n\000d\000e\000x\000i\000n\000g\000\040\000O\000p\000t\000i\000m\000i\000z\000a\000t\000i\000o\000n\000\051}{chapter.7}% 44
\BOOKMARK [1][-]{section.7.2}{\376\377\000T\000r\000u\000y\000\040\000v\036\245\000n\000\040\000T\000\354\000m\000\040\000k\000i\036\277\000m\000\040\000T\036\353\000\040\000k\000h\000\363\000a\000\040\000\050\000B\000M\0002\0005\000\040\000S\000e\000a\000r\000c\000h\000\051}{chapter.7}% 45
\BOOKMARK [1][-]{section.7.3}{\376\377\000T\000r\000u\000y\000\040\000v\036\245\000n\000\040\000T\000\354\000m\000\040\000k\000i\036\277\000m\000\040\000V\000e\000c\000t\000o\000r\000\040\000t\001\260\001\241\000n\000g\000\040\001\021\036\323\000n\000g\000\040\000\050\000k\000N\000N\000\040\000S\000e\000a\000r\000c\000h\000\051}{chapter.7}% 46
\BOOKMARK [1][-]{section.7.4}{\376\377\000T\000r\000u\000y\000\040\000v\036\245\000n\000\040\000K\036\277\000t\000\040\000h\036\343\000p\000\040\000H\000y\000b\000r\000i\000d\000\040\000S\000e\000a\000r\000c\000h\000\040\000d\000\371\000n\000g\000\040\000R\000R\000F}{chapter.7}% 47
\BOOKMARK [1][-]{section.7.5}{\376\377\000K\000i\036\277\000n\000\040\000t\000r\000\372\000c\000\040\000D\000u\000a\000l\000-\000I\000n\000d\000e\000x\000\040\000c\000h\000o\000\040\000H\000y\000b\000r\000i\000d\000\040\000S\000e\000a\000r\000c\000h}{chapter.7}% 48
\BOOKMARK [0][-]{chapter.8}{\376\377\001\020\000\341\000n\000h\000\040\000g\000i\000\341\000\040\000C\000h\036\245\000t\000\040\000l\001\260\036\343\000n\000g\000\040\000T\000\354\000m\000\040\000k\000i\036\277\000m\000\040\000\050\000E\000v\000a\000l\000u\000a\000t\000i\000o\000n\000\040\000\046\000\040\000A\000n\000a\000l\000y\000s\000i\000s\000\051}{}% 49
\BOOKMARK [1][-]{section.8.1}{\376\377\000P\000h\001\260\001\241\000n\000g\000\040\000p\000h\000\341\000p\000\040\000X\000\342\000y\000\040\000d\036\361\000n\000g\000\040\000T\036\255\000p\000\040\000N\000h\000\343\000n\000\040\000K\000i\036\303\000m\000\040\001\021\036\313\000n\000h\000\040\000\050\000G\000r\000o\000u\000n\000d\000\040\000T\000r\000u\000t\000h\000\040\000C\000o\000n\000s\000t\000r\000u\000c\000t\000i\000o\000n\000\051}{chapter.8}% 50
\BOOKMARK [1][-]{section.8.2}{\376\377\000C\000\341\000c\000\040\000C\000h\036\311\000\040\000s\036\321\000\040\001\020\000o\000\040\000l\001\260\036\335\000n\000g\000\040\000C\000h\036\245\000t\000\040\000l\001\260\036\343\000n\000g\000\040\000X\036\277\000p\000\040\000h\036\241\000n\000g}{chapter.8}% 51
\BOOKMARK [2][-]{subsection.8.2.1}{\376\377\000L\000\375\000\040\000d\000o\000\040\000L\036\361\000a\000\040\000c\000h\036\315\000n\000\040\000N\000D\000C\000G\000@\0001\0000\000\040\000v\000\340\000\040\000M\000R\000R\000@\0001\0000}{section.8.2}% 52
\BOOKMARK [2][-]{subsection.8.2.2}{\376\377\000N\000D\000C\000G\000@\0001\0000\000\040\000\050\000N\000o\000r\000m\000a\000l\000i\000z\000e\000d\000\040\000D\000i\000s\000c\000o\000u\000n\000t\000e\000d\000\040\000C\000u\000m\000u\000l\000a\000t\000i\000v\000e\000\040\000G\000a\000i\000n\000\040\000t\036\241\000i\000\040\000v\036\313\000\040\000t\000r\000\355\000\040\0001\0000\000\051}{section.8.2}% 53
\BOOKMARK [2][-]{subsection.8.2.3}{\376\377\000M\000R\000R\000@\0001\0000\000\040\000\050\000M\000e\000a\000n\000\040\000R\000e\000c\000i\000p\000r\000o\000c\000a\000l\000\040\000R\000a\000n\000k\000\040\000t\036\241\000i\000\040\000v\036\313\000\040\000t\000r\000\355\000\040\0001\0000\000\051}{section.8.2}% 54
\BOOKMARK [1][-]{section.8.3}{\376\377\000K\036\277\000t\000\040\000q\000u\036\243\000\040\000T\000h\036\355\000\040\000n\000g\000h\000i\036\307\000m\000\040\000v\000\340\000\040\000P\000h\000\342\000n\000\040\000t\000\355\000c\000h\000\040\000S\000o\000\040\000s\000\341\000n\000h}{chapter.8}% 55
\BOOKMARK [2][-]{subsection.8.3.1}{\376\377\000P\000h\000\342\000n\000\040\000t\000\355\000c\000h\000\040\000N\000h\000\363\000m\000\040\000A\000\040\000\050\000E\000x\000a\000c\000t\000\040\000K\000e\000y\000w\000o\000r\000d\000\040\000Q\000u\000e\000r\000i\000e\000s\000\051}{section.8.3}% 56
\BOOKMARK [2][-]{subsection.8.3.2}{\376\377\000P\000h\000\342\000n\000\040\000t\000\355\000c\000h\000\040\000N\000h\000\363\000m\000\040\000B\000\040\000\050\000S\000e\000m\000a\000n\000t\000i\000c\000\040\000C\000o\000n\000c\000e\000p\000t\000\040\000Q\000u\000e\000r\000i\000e\000s\000\051}{section.8.3}% 57
\BOOKMARK [2][-]{subsection.8.3.3}{\376\377\000P\000h\000\342\000n\000\040\000t\000\355\000c\000h\000\040\000N\000h\000\363\000m\000\040\000C\000\040\000\050\000M\000i\000x\000e\000d\000/\000H\000y\000b\000r\000i\000d\000\040\000Q\000u\000e\000r\000i\000e\000s\000\051}{section.8.3}% 58
\BOOKMARK [2][-]{subsection.8.3.4}{\376\377\000S\000o\000\040\000s\000\341\000n\000h\000\040\000q\000u\000a\000\040\000c\000\341\000c\000\040\000Q\000u\000y\000\040\000m\000\364\000\040\000D\036\357\000\040\000l\000i\036\307\000u\000\040\000\050\000S\000c\000a\000l\000a\000b\000i\000l\000i\000t\000y\000\040\000Q\000u\000a\000l\000i\000t\000y\000\040\000T\000r\000e\000n\000d\000s\000\051}{section.8.3}% 59
\BOOKMARK [0][-]{chapter.9}{\376\377\001\020\000\341\000n\000h\000\040\000g\000i\000\341\000\040\000H\000i\036\307\000u\000\040\000n\001\003\000n\000g\000\040\000H\036\307\000\040\000t\000h\036\321\000n\000g\000\040\000\050\000P\000e\000r\000f\000o\000r\000m\000a\000n\000c\000e\000\040\000B\000e\000n\000c\000h\000m\000a\000r\000k\000i\000n\000g\000\051}{}% 60
\BOOKMARK [1][-]{section.9.1}{\376\377\000T\000h\000i\036\277\000t\000\040\000l\036\255\000p\000\040\000M\000\364\000i\000\040\000t\000r\001\260\036\335\000n\000g\000\040\000T\000h\036\355\000\040\000n\000g\000h\000i\036\307\000m\000\040\000H\000i\036\307\000u\000\040\000n\001\003\000n\000g}{chapter.9}% 61
\BOOKMARK [1][-]{section.9.2}{\376\377\000S\000o\000\040\000s\000\341\000n\000h\000\040\000T\000h\036\335\000i\000\040\000g\000i\000a\000n\000\040\000P\000h\036\243\000n\000\040\000h\036\323\000i\000\040\000\050\000Q\000u\000e\000r\000y\000\040\000L\000a\000t\000e\000n\000c\000y\000\040\000C\000o\000m\000p\000a\000r\000i\000s\000o\000n\000\051}{chapter.9}% 62
\BOOKMARK [2][-]{subsection.9.2.1}{\376\377\000P\000h\000\342\000n\000\040\000t\000\355\000c\000h\000\040\000v\000\340\000\040\000B\000i\036\307\000n\000\040\000l\000u\036\255\000n\000\040\000k\036\277\000t\000\040\000q\000u\036\243\000\040\000L\000a\000t\000e\000n\000c\000y}{section.9.2}% 63
\BOOKMARK [1][-]{section.9.3}{\376\377\001\020\000\341\000n\000h\000\040\000g\000i\000\341\000\040\000D\000u\000n\000g\000\040\000l\001\260\036\343\000n\000g\000\040\000L\001\260\000u\000\040\000t\000r\036\357\000\040\000\050\000I\000n\000d\000e\000x\000\040\000S\000t\000o\000r\000a\000g\000e\000\040\000S\000i\000z\000e\000\051}{chapter.9}% 64
\BOOKMARK [1][-]{section.9.4}{\376\377\001\020\000\341\000n\000h\000\040\001\021\036\325\000i\000\040\000g\000i\036\357\000a\000\040\000C\000h\036\245\000t\000\040\000l\001\260\036\343\000n\000g\000\040\000T\000\354\000m\000\040\000k\000i\036\277\000m\000\040\000v\000\340\000\040\000C\000h\000i\000\040\000p\000h\000\355\000\040\000T\000\340\000i\000\040\000n\000g\000u\000y\000\352\000n\000\040\000\050\000T\000r\000a\000d\000e\000-\000o\000f\000f\000\040\000A\000n\000a\000l\000y\000s\000i\000s\000\051}{chapter.9}% 65
\BOOKMARK [0][-]{chapter.10}{\376\377\000G\000i\000a\000o\000\040\000d\000i\036\307\000n\000\040\000T\000\354\000m\000\040\000k\000i\036\277\000m\000\040\000\050\000S\000e\000a\000r\000c\000h\000\040\000I\000n\000t\000e\000r\000f\000a\000c\000e\000\051}{}% 66
\BOOKMARK [1][-]{section.10.1}{\376\377\000K\000i\036\277\000n\000\040\000t\000r\000\372\000c\000\040\000C\000l\000i\000e\000n\000t\000-\000S\000e\000r\000v\000e\000r}{chapter.10}% 67
\BOOKMARK [1][-]{section.10.2}{\376\377\000C\000\341\000c\000\040\000E\000n\000d\000p\000o\000i\000n\000t\000\040\000A\000P\000I}{chapter.10}% 68
\BOOKMARK [1][-]{section.10.3}{\376\377\000G\000i\000a\000o\000\040\000d\000i\036\307\000n\000\040\000N\000g\001\260\036\335\000i\000\040\000d\000\371\000n\000g\000\040\000\050\000F\000r\000o\000n\000t\000e\000n\000d\000\051}{chapter.10}% 69
\BOOKMARK [2][-]{subsection.10.3.1}{\376\377\000T\000h\000a\000n\000h\000\040\000t\000\354\000m\000\040\000k\000i\036\277\000m\000\040\000v\000\340\000\040\000C\000h\036\315\000n\000\040\000c\000h\036\277\000\040\001\021\036\331}{section.10.3}% 70
\BOOKMARK [2][-]{subsection.10.3.2}{\376\377\000B\036\243\000n\000g\000\040\000l\036\315\000c\000\040\000\050\000F\000i\000l\000t\000e\000r\000s\000\040\000P\000a\000n\000e\000l\000\051}{section.10.3}% 71
\BOOKMARK [2][-]{subsection.10.3.3}{\376\377\000H\000i\036\303\000n\000\040\000t\000h\036\313\000\040\000k\036\277\000t\000\040\000q\000u\036\243}{section.10.3}% 72
\BOOKMARK [2][-]{subsection.10.3.4}{\376\377\000T\000h\000a\000n\000h\000\040\000t\000h\036\321\000n\000g\000\040\000k\000\352\000\040\000\050\000S\000t\000a\000t\000s\000\040\000B\000a\000r\000\051}{section.10.3}% 73
\BOOKMARK [1][-]{section.10.4}{\376\377\000H\001\260\036\333\000n\000g\000\040\000d\036\253\000n\000\040\000K\000h\036\337\000i\000\040\000c\000h\036\241\000y\000\040\000H\036\307\000\040\000t\000h\036\321\000n\000g}{chapter.10}% 74
\BOOKMARK [0][-]{chapter.11}{\376\377\000K\036\277\000t\000\040\000l\000u\036\255\000n\000\040\000v\000\340\000\040\000H\001\260\036\333\000n\000g\000\040\000p\000h\000\341\000t\000\040\000t\000r\000i\036\303\000n\000\040\000\050\000C\000o\000n\000c\000l\000u\000s\000i\000o\000n\000\040\000\046\000\040\000F\000u\000t\000u\000r\000e\000\040\000W\000o\000r\000k\000\051}{}% 75
\BOOKMARK [1][-]{section.11.1}{\376\377\000K\036\277\000t\000\040\000q\000u\036\243\000\040\001\020\036\241\000t\000\040\001\021\001\260\036\343\000c\000\040\000c\036\347\000a\000\040\000D\036\361\000\040\000\341\000n}{chapter.11}% 76
\BOOKMARK [1][-]{section.11.2}{\376\377\001\257\000u\000\040\001\021\000i\036\303\000m\000\040\000v\000\340\000\040\000H\036\241\000n\000\040\000c\000h\036\277\000\040\000H\000i\036\307\000n\000\040\000t\036\241\000i\000\040\000c\036\347\000a\000\040\000H\036\307\000\040\000t\000h\036\321\000n\000g}{chapter.11}% 77
\BOOKMARK [2][-]{subsection.11.2.1}{\376\377\001\257\000u\000\040\001\021\000i\036\303\000m}{section.11.2}% 78
\BOOKMARK [2][-]{subsection.11.2.2}{\376\377\000H\036\241\000n\000\040\000c\000h\036\277}{section.11.2}% 79
\BOOKMARK [1][-]{section.11.3}{\376\377\000H\001\260\036\333\000n\000g\000\040\000p\000h\000\341\000t\000\040\000t\000r\000i\036\303\000n\000\040\000t\000r\000o\000n\000g\000\040\000T\001\260\001\241\000n\000g\000\040\000l\000a\000i}{chapter.11}% 80
\BOOKMARK [0][-]{chapter*.18}{\376\377\000R\000e\000f\000e\000r\000e\000n\000c\000e\000s}{}% 81
