\BOOKMARK [0][-]{chapter*.3}{\376\377\000C\000o\000n\000t\000r\000i\000b\000u\000t\000i\000o\000n}{}% 1
\BOOKMARK [1][-]{chapter*.4}{\376\377\000L\000i\000s\000t\000\040\000o\000f\000\040\000F\000i\000g\000u\000r\000e\000s}{chapter*.3}% 2
\BOOKMARK [0][-]{chapter.1}{\376\377\000G\000i\036\333\000i\000\040\000t\000h\000i\036\307\000u\000\040\000\050\000I\000n\000t\000r\000o\000d\000u\000c\000t\000i\000o\000n\000\051}{}% 3
\BOOKMARK [1][-]{section.1.1}{\376\377\000B\036\321\000i\000\040\000c\036\243\000n\000h\000\040\000v\036\245\000n\000\040\001\021\036\301}{chapter.1}% 4
\BOOKMARK [1][-]{section.1.2}{\376\377\000M\036\345\000c\000\040\000t\000i\000\352\000u\000\040\000d\036\361\000\040\000\341\000n}{chapter.1}% 5
\BOOKMARK [1][-]{section.1.3}{\376\377\000P\000h\036\241\000m\000\040\000v\000i\000\040\000\050\000S\000c\000o\000p\000e\000\051}{chapter.1}% 6
\BOOKMARK [0][-]{chapter.2}{\376\377\000D\000a\000t\000a\000s\000e\000t\000\040\000\050\000D\036\357\000\040\000l\000i\036\307\000u\000\051}{}% 7
\BOOKMARK [1][-]{section.2.1}{\376\377\000N\000g\000u\036\323\000n\000\040\000d\036\357\000\040\000l\000i\036\307\000u}{chapter.2}% 8
\BOOKMARK [1][-]{section.2.2}{\376\377\000Q\000u\000y\000\040\000m\000\364\000\040\000v\000\340\000\040\001\020\036\267\000c\000\040\001\021\000i\036\303\000m}{chapter.2}% 9
\BOOKMARK [1][-]{section.2.3}{\376\377\000C\036\245\000u\000\040\000t\000r\000\372\000c\000\040\000d\036\357\000\040\000l\000i\036\307\000u\000\040\000k\000h\000a\000i\000\040\000t\000h\000\341\000c}{chapter.2}% 10
\BOOKMARK [1][-]{section.2.4}{\376\377\000Q\000u\000y\000\040\000t\000r\000\354\000n\000h\000\040\000l\000\340\000m\000\040\000s\036\241\000c\000h\000\040\000d\036\357\000\040\000l\000i\036\307\000u\000\040\000\050\000D\000a\000t\000a\000\040\000C\000l\000e\000a\000n\000i\000n\000g\000\051}{chapter.2}% 11
\BOOKMARK [0][-]{chapter.3}{\376\377\000V\036\245\000n\000\040\001\021\036\301\000\040\000v\000\340\000\040\000G\000i\036\243\000i\000\040\000p\000h\000\341\000p\000\040\000\050\000P\000r\000o\000b\000l\000e\000m\000s\000\040\000\046\000\040\000P\000r\000o\000p\000o\000s\000e\000d\000\040\000S\000o\000l\000u\000t\000i\000o\000n\000s\000\051}{}% 12
\BOOKMARK [1][-]{section.3.1}{\376\377\000P\000r\000o\000b\000l\000e\000m\000\040\0001\000:\000\040\000S\036\361\000\040\000c\036\351\000n\000g\000\040\000n\000h\036\257\000c\000\040\000c\036\347\000a\000\040\000t\000\354\000m\000\040\000k\000i\036\277\000m\000\040\000t\036\353\000\040\000k\000h\000\363\000a\000\040\000\050\000T\000h\000e\000\040\000R\000i\000g\000i\000d\000i\000t\000y\000\040\000o\000f\000\040\000K\000e\000y\000w\000o\000r\000d\000\040\000S\000e\000a\000r\000c\000h\000\051}{chapter.3}% 13
\BOOKMARK [1][-]{section.3.2}{\376\377\000P\000r\000o\000b\000l\000e\000m\000\040\0002\000:\000\040\000A\000I\000\040\000b\036\317\000\040\000s\000\363\000t\000\040\000c\000\341\000c\000\040\000t\000h\000u\036\255\000t\000\040\000n\000g\036\357\000\040\000c\000h\000u\000y\000\352\000n\000\040\000n\000g\000\340\000n\000h\000\040\000\050\000A\000I\000\040\000M\000i\000s\000s\000e\000s\000\040\000S\000p\000e\000c\000i\000a\000l\000i\000z\000e\000d\000\040\000T\000e\000r\000m\000i\000n\000o\000l\000o\000g\000y\000\051}{chapter.3}% 14
\BOOKMARK [1][-]{section.3.3}{\376\377\000P\000r\000o\000b\000l\000e\000m\000\040\0003\000:\000\040\000N\000h\000i\036\305\000u\000\040\000t\000\354\000m\000\040\000k\000i\036\277\000m\000\040\001\021\000a\000\040\000n\000g\000\340\000n\000h\000\040\000\050\000S\000e\000a\000r\000c\000h\000\040\000S\000k\000e\000w\000e\000d\000\040\000b\000y\000\040\000M\000u\000l\000t\000i\000d\000i\000s\000c\000i\000p\000l\000i\000n\000a\000r\000y\000\040\000N\000o\000i\000s\000e\000\051}{chapter.3}% 15
\BOOKMARK [0][-]{chapter.4}{\376\377\000C\001\241\000\040\000s\036\337\000\040\000l\000\375\000\040\000t\000h\000u\000y\036\277\000t\000\040\000\050\000T\000h\000e\000o\000r\000e\000t\000i\000c\000a\000l\000\040\000B\000a\000c\000k\000g\000r\000o\000u\000n\000d\000\051}{}% 16
\BOOKMARK [1][-]{section.4.1}{\376\377\000I\000n\000f\000o\000r\000m\000a\000t\000i\000o\000n\000\040\000R\000e\000t\000r\000i\000e\000v\000a\000l\000\040\000P\000i\000p\000e\000l\000i\000n\000e}{chapter.4}% 17
\BOOKMARK [1][-]{section.4.2}{\376\377\000I\000n\000v\000e\000r\000t\000e\000d\000\040\000I\000n\000d\000e\000x\000\040\000v\000\340\000\040\000T\000h\000u\036\255\000t\000\040\000t\000o\000\341\000n\000\040\000B\000M\0002\0005}{chapter.4}% 18
\BOOKMARK [1][-]{section.4.3}{\376\377\000F\000i\000e\000l\000d\000\040\000T\000y\000p\000e\000s\000\040\000t\000r\000o\000n\000g\000\040\000E\000l\000a\000s\000t\000i\000c\000s\000e\000a\000r\000c\000h}{chapter.4}% 19
\BOOKMARK [1][-]{section.4.4}{\376\377\000V\000e\000c\000t\000o\000r\000\040\000E\000m\000b\000e\000d\000d\000i\000n\000g\000\040\000v\000\340\000\040\000k\000-\000N\000e\000a\000r\000e\000s\000t\000\040\000N\000e\000i\000g\000h\000b\000o\000r\000s\000\040\000\050\000k\000N\000N\000\051}{chapter.4}% 20
\BOOKMARK [1][-]{section.4.5}{\376\377\000R\000e\000c\000i\000p\000r\000o\000c\000a\000l\000\040\000R\000a\000n\000k\000\040\000F\000u\000s\000i\000o\000n\000\040\000\050\000R\000R\000F\000\051}{chapter.4}% 21
\BOOKMARK [0][-]{chapter.5}{\376\377\000K\000i\036\277\000n\000\040\000t\000r\000\372\000c\000\040\000h\036\307\000\040\000t\000h\036\321\000n\000g\000\040\000\050\000S\000y\000s\000t\000e\000m\000\040\000A\000r\000c\000h\000i\000t\000e\000c\000t\000u\000r\000e\000\051}{}% 22
\BOOKMARK [1][-]{section.5.1}{\376\377\000S\001\241\000\040\001\021\036\323\000\040\000l\000u\036\323\000n\000g\000\040\000d\036\357\000\040\000l\000i\036\307\000u\000\040\000\050\000D\000a\000t\000a\000\040\000F\000l\000o\000w\000\051}{chapter.5}% 23
\BOOKMARK [1][-]{section.5.2}{\376\377\000K\000i\036\277\000n\000\040\000t\000r\000\372\000c\000\040\000h\036\241\000\040\000t\036\247\000n\000g\000\040\000\050\000I\000n\000f\000r\000a\000s\000t\000r\000u\000c\000t\000u\000r\000e\000\051}{chapter.5}% 24
\BOOKMARK [2][-]{subsection.5.2.1}{\376\377\000C\000\364\000n\000g\000\040\000n\000g\000h\036\307\000\040\000s\036\355\000\040\000d\036\345\000n\000g}{section.5.2}% 25
\BOOKMARK [2][-]{subsection.5.2.2}{\376\377\000M\000\364\000\040\000h\000\354\000n\000h\000\040\000t\000r\000i\036\303\000n\000\040\000k\000h\000a\000i}{section.5.2}% 26
\BOOKMARK [2][-]{subsection.5.2.3}{\376\377\001\020\036\267\000c\000\040\000t\000\355\000n\000h\000\040\000B\000i\000g\000\040\000D\000a\000t\000a}{section.5.2}% 27
\BOOKMARK [1][-]{section.5.3}{\376\377\000I\000n\000d\000e\000x\000\040\000M\000a\000p\000p\000i\000n\000g\000\040\000\046\000\040\000B\000u\000l\000k\000\040\000S\000t\000r\000a\000t\000e\000g\000y}{chapter.5}% 28
\BOOKMARK [2][-]{subsection.5.3.1}{\376\377\000M\000a\000p\000p\000i\000n\000g\000\040\000D\000e\000f\000i\000n\000i\000t\000i\000o\000n}{section.5.3}% 29
\BOOKMARK [2][-]{subsection.5.3.2}{\376\377\000B\000u\000l\000k\000\040\000I\000n\000d\000e\000x\000i\000n\000g\000\040\000S\000t\000r\000a\000t\000e\000g\000y}{section.5.3}% 30
\BOOKMARK [0][-]{chapter.6}{\376\377\000H\000i\036\307\000n\000\040\000t\000r\036\241\000n\000g\000\040\000t\000r\000i\036\303\000n\000\040\000k\000h\000a\000i\000\040\000\050\000C\000u\000r\000r\000e\000n\000t\000\040\000P\000r\000o\000g\000r\000e\000s\000s\000\051}{}% 31
\BOOKMARK [1][-]{section.6.1}{\376\377\000C\000\341\000c\000\040\000h\036\241\000n\000g\000\040\000m\036\345\000c\000\040\001\021\000\343\000\040\000h\000o\000\340\000n\000\040\000t\000h\000\340\000n\000h}{chapter.6}% 32
\BOOKMARK [2][-]{subsection.6.1.1}{\376\377\000T\000h\000i\036\277\000t\000\040\000l\036\255\000p\000\040\000h\036\241\000\040\000t\036\247\000n\000g\000\040\000\050\000I\000n\000f\000r\000a\000s\000t\000r\000u\000c\000t\000u\000r\000e\000\040\000S\000e\000t\000u\000p\000\051}{section.6.1}% 33
\BOOKMARK [2][-]{subsection.6.1.2}{\376\377\000T\000i\036\301\000n\000\040\000x\036\355\000\040\000l\000\375\000\040\000d\036\357\000\040\000l\000i\036\307\000u\000\040\000\050\000D\000a\000t\000a\000\040\000E\000n\000g\000i\000n\000e\000e\000r\000i\000n\000g\000\051}{section.6.1}% 34
\BOOKMARK [2][-]{subsection.6.1.3}{\376\377\000L\036\255\000p\000\040\000c\000h\036\311\000\040\000m\036\345\000c\000\040\000\050\000B\000u\000l\000k\000\040\000I\000n\000d\000e\000x\000i\000n\000g\000\051}{section.6.1}% 35
\BOOKMARK [2][-]{subsection.6.1.4}{\376\377\000T\000r\000u\000y\000\040\000v\036\245\000n\000\040\000c\001\241\000\040\000s\036\337\000\040\000\050\000B\000a\000s\000e\000l\000i\000n\000e\000\040\000B\000M\0002\0005\000\040\000S\000e\000a\000r\000c\000h\000\051}{section.6.1}% 36
\BOOKMARK [1][-]{section.6.2}{\376\377\000C\000\341\000c\000\040\000h\036\241\000n\000g\000\040\000m\036\345\000c\000\040\000t\000i\036\277\000p\000\040\000t\000h\000e\000o\000\040\000\050\000N\000e\000x\000t\000\040\000S\000t\000e\000p\000s\000\051}{chapter.6}% 37
\BOOKMARK [0][-]{chapter.7}{\376\377\000K\036\277\000t\000\040\000l\000u\036\255\000n\000\040\000t\036\241\000m\000\040\000t\000h\036\335\000i}{}% 38
\BOOKMARK [1][-]{section.7.1}{\376\377\000T\000\363\000m\000\040\000t\036\257\000t\000\040\000k\036\277\000t\000\040\000q\000u\036\243\000\040\001\021\036\241\000t\000\040\001\021\001\260\036\343\000c}{chapter.7}% 39
\BOOKMARK [1][-]{section.7.2}{\376\377\001\020\000\341\000n\000h\000\040\000g\000i\000\341\000\040\000t\000\355\000n\000h\000\040\000k\000h\036\243\000\040\000t\000h\000i}{chapter.7}% 40
\BOOKMARK [1][-]{section.7.3}{\376\377\000B\001\260\036\333\000c\000\040\000t\000i\036\277\000p\000\040\000t\000h\000e\000o}{chapter.7}% 41
\BOOKMARK [0][-]{chapter*.12}{\376\377\000R\000e\000f\000e\000r\000e\000n\000c\000e\000s}{}% 42
